This is pdfTeX, Version 3.1415926-2.5-1.40.14 (TeX Live 2013) (format=pdflatex 2013.5.30)  15 JAN 2014 11:19
entering extended mode
 restricted \write18 enabled.
 %&-line parsing enabled.
**sigproc-sp.tex -recorder
(./sigproc-sp.tex
LaTeX2e <2011/06/27>
Babel <3.9f> and hyphenation patterns for 78 languages loaded.
(./acm_proc_article-sp.cls
(/usr/local/texlive/2013/texmf-dist/tex/latex/graphics/epsfig.sty
Package: epsfig 1999/02/16 v1.7a (e)psfig emulation (SPQR)

(/usr/local/texlive/2013/texmf-dist/tex/latex/graphics/graphicx.sty
Package: graphicx 1999/02/16 v1.0f Enhanced LaTeX Graphics (DPC,SPQR)

(/usr/local/texlive/2013/texmf-dist/tex/latex/graphics/keyval.sty
Package: keyval 1999/03/16 v1.13 key=value parser (DPC)
\KV@toks@=\toks14
)
(/usr/local/texlive/2013/texmf-dist/tex/latex/graphics/graphics.sty
Package: graphics 2009/02/05 v1.0o Standard LaTeX Graphics (DPC,SPQR)

(/usr/local/texlive/2013/texmf-dist/tex/latex/graphics/trig.sty
Package: trig 1999/03/16 v1.09 sin cos tan (DPC)
)
(/usr/local/texlive/2013/texmf-dist/tex/latex/latexconfig/graphics.cfg
File: graphics.cfg 2010/04/23 v1.9 graphics configuration of TeX Live
)
Package graphics Info: Driver file: pdftex.def on input line 91.

(/usr/local/texlive/2013/texmf-dist/tex/latex/pdftex-def/pdftex.def
File: pdftex.def 2011/05/27 v0.06d Graphics/color for pdfTeX

(/usr/local/texlive/2013/texmf-dist/tex/generic/oberdiek/infwarerr.sty
Package: infwarerr 2010/04/08 v1.3 Providing info/warning/error messages (HO)
)
(/usr/local/texlive/2013/texmf-dist/tex/generic/oberdiek/ltxcmds.sty
Package: ltxcmds 2011/11/09 v1.22 LaTeX kernel commands for general use (HO)
)
\Gread@gobject=\count79
))
\Gin@req@height=\dimen102
\Gin@req@width=\dimen103
)
\epsfxsize=\dimen104
\epsfysize=\dimen105
)
(/usr/local/texlive/2013/texmf-dist/tex/latex/amsfonts/amssymb.sty
Package: amssymb 2013/01/14 v3.01 AMS font symbols

(/usr/local/texlive/2013/texmf-dist/tex/latex/amsfonts/amsfonts.sty
Package: amsfonts 2013/01/14 v3.01 Basic AMSFonts support
\@emptytoks=\toks15
\symAMSa=\mathgroup4
\symAMSb=\mathgroup5
LaTeX Font Info:    Overwriting math alphabet `\mathfrak' in version `bold'
(Font)                  U/euf/m/n --> U/euf/b/n on input line 106.
))
(/usr/local/texlive/2013/texmf-dist/tex/latex/amsmath/amsmath.sty
Package: amsmath 2013/01/14 v2.14 AMS math features
\@mathmargin=\skip41

For additional information on amsmath, use the `?' option.
(/usr/local/texlive/2013/texmf-dist/tex/latex/amsmath/amstext.sty
Package: amstext 2000/06/29 v2.01

(/usr/local/texlive/2013/texmf-dist/tex/latex/amsmath/amsgen.sty
File: amsgen.sty 1999/11/30 v2.0
\@emptytoks=\toks16
\ex@=\dimen106
))
(/usr/local/texlive/2013/texmf-dist/tex/latex/amsmath/amsbsy.sty
Package: amsbsy 1999/11/29 v1.2d
\pmbraise@=\dimen107
)
(/usr/local/texlive/2013/texmf-dist/tex/latex/amsmath/amsopn.sty
Package: amsopn 1999/12/14 v2.01 operator names
)
\inf@bad=\count80
LaTeX Info: Redefining \frac on input line 210.
\uproot@=\count81
\leftroot@=\count82
LaTeX Info: Redefining \overline on input line 306.
\classnum@=\count83
\DOTSCASE@=\count84
LaTeX Info: Redefining \ldots on input line 378.
LaTeX Info: Redefining \dots on input line 381.
LaTeX Info: Redefining \cdots on input line 466.
\Mathstrutbox@=\box26
\strutbox@=\box27
\big@size=\dimen108
LaTeX Font Info:    Redeclaring font encoding OML on input line 566.
LaTeX Font Info:    Redeclaring font encoding OMS on input line 567.
\macc@depth=\count85
\c@MaxMatrixCols=\count86
\dotsspace@=\muskip10
\c@parentequation=\count87
\dspbrk@lvl=\count88
\tag@help=\toks17
\row@=\count89
\column@=\count90
\maxfields@=\count91
\andhelp@=\toks18
\eqnshift@=\dimen109
\alignsep@=\dimen110
\tagshift@=\dimen111
\tagwidth@=\dimen112
\totwidth@=\dimen113
\lineht@=\dimen114
\@envbody=\toks19
\multlinegap=\skip42
\multlinetaggap=\skip43
\mathdisplay@stack=\toks20
LaTeX Info: Redefining \[ on input line 2665.
LaTeX Info: Redefining \] on input line 2666.
)
Document Class 'acm_proc_article-sp' <22nd. April '09>. Modified by G.K.M. Tobi
n
Based in part upon document Style `acmconf' <22 May 89>. Hacked 4/91 by
shivers@cs.cmu.edu, 4/93 by theobald@cs.mcgill.ca
Excerpts were taken from (Journal Style) 'esub2acm.cls'.
****** Bugs/comments/suggestions to Gerry Murray -- murray@hq.acm.org ******
\footheight=\dimen115
\@maxsep=\dimen116
\@dblmaxsep=\dimen117
\aucount=\count92
\originalaucount=\count93
\auwidth=\dimen118
\auskip=\dimen119
\auskipcount=\count94
\auskip=\dimen120
\allauboxes=\dimen121
\addauthors=\toks21
\addauflag=\count95
\subtitletext=\toks22
\savesection=\count96
\sectioncntr=\count97
\c@figure=\count98
\c@table=\count99
\titleboxnotes=\toks23
\titleboxnoteflag=\count100
Document Class: acm_proc_article-sp 2009/04/22 - V3.2SP - based on esub2acm.sty
 <23 April 96>
(/usr/local/texlive/2013/texmf-dist/tex/latex/base/latexsym.sty
Package: latexsym 1998/08/17 v2.2e Standard LaTeX package (lasy symbols)
\symlasy=\mathgroup6
LaTeX Font Info:    Overwriting symbol font `lasy' in version `bold'
(Font)                  U/lasy/m/n --> U/lasy/b/n on input line 47.
)
\@acmtitlebox=\box28
\titlenotecount=\count101
\tntoks=\toks24
\tntokstwo=\toks25
\tntoksthree=\toks26
\tntoksfour=\toks27
\tntoksfive=\toks28
\catcount=\count102
\copyrightnotice=\toks29
\conf=\toks30
\confinfo=\toks31
\c@part=\count103
\c@section=\count104
\c@subsection=\count105
\c@subsubsection=\count106
\c@paragraph=\count107

Using 'Abbrev' bibliography style
LaTeX Info: Redefining \cite on input line 1236.
\bibindent=\dimen122
\colcntr=\count108
\saveb@x=\box29
\copyrtyr=\toks32
\acmcopyr=\toks33
\boilerplate=\toks34
\copyrightetc=\toks35
(/usr/local/texlive/2013/texmf-dist/tex/latex/base/fontenc.sty
Package: fontenc 2005/09/27 v1.99g Standard LaTeX package

(/usr/local/texlive/2013/texmf-dist/tex/latex/base/t1enc.def
File: t1enc.def 2005/09/27 v1.99g Standard LaTeX file
LaTeX Font Info:    Redeclaring font encoding T1 on input line 43.
)
LaTeX Font Info:    Try loading font information for T1+aer on input line 100.

(/usr/local/texlive/2013/texmf-dist/tex/latex/ae/t1aer.fd
File: t1aer.fd 1997/11/16 Font definitions for T1/aer.
)))
(/usr/local/texlive/2013/texmf-dist/tex/latex/soul/soul.sty
Package: soul 2003/11/17 v2.4 letterspacing/underlining (mf)
\SOUL@word=\toks36
\SOUL@lasttoken=\toks37
\SOUL@cmds=\toks38
\SOUL@buffer=\toks39
\SOUL@token=\toks40
\SOUL@spaceskip=\skip44
\SOUL@ttwidth=\dimen123
\SOUL@uldp=\dimen124
\SOUL@ulht=\dimen125
)
(/usr/local/texlive/2013/texmf-dist/tex/latex/rotating/rotating.sty
Package: rotating 2009/03/28 v2.16a rotated objects in LaTeX

(/usr/local/texlive/2013/texmf-dist/tex/latex/base/ifthen.sty
Package: ifthen 2001/05/26 v1.1c Standard LaTeX ifthen package (DPC)
)
\c@r@tfl@t=\count109
\rotFPtop=\skip45
\rotFPbot=\skip46
\rot@float@box=\box30
\rot@mess@toks=\toks41
)
(/usr/local/texlive/2013/texmf-dist/tex/latex/tools/tabularx.sty
Package: tabularx 1999/01/07 v2.07 `tabularx' package (DPC)

(/usr/local/texlive/2013/texmf-dist/tex/latex/tools/array.sty
Package: array 2008/09/09 v2.4c Tabular extension package (FMi)
\col@sep=\dimen126
\extrarowheight=\dimen127
\NC@list=\toks42
\extratabsurround=\skip47
\backup@length=\skip48
)
\TX@col@width=\dimen128
\TX@old@table=\dimen129
\TX@old@col=\dimen130
\TX@target=\dimen131
\TX@delta=\dimen132
\TX@cols=\count110
\TX@ftn=\toks43
)
(/usr/local/texlive/2013/texmf-dist/tex/latex/xcolor/xcolor.sty
Package: xcolor 2007/01/21 v2.11 LaTeX color extensions (UK)

(/usr/local/texlive/2013/texmf-dist/tex/latex/latexconfig/color.cfg
File: color.cfg 2007/01/18 v1.5 color configuration of teTeX/TeXLive
)
Package xcolor Info: Driver file: pdftex.def on input line 225.

(/usr/local/texlive/2013/texmf-dist/tex/latex/colortbl/colortbl.sty
Package: colortbl 2012/02/13 v1.0a Color table columns (DPC)
\everycr=\toks44
\minrowclearance=\skip49
)
\rownum=\count111
Package xcolor Info: Model `cmy' substituted by `cmy0' on input line 1337.
Package xcolor Info: Model `hsb' substituted by `rgb' on input line 1341.
Package xcolor Info: Model `RGB' extended on input line 1353.
Package xcolor Info: Model `HTML' substituted by `rgb' on input line 1355.
Package xcolor Info: Model `Hsb' substituted by `hsb' on input line 1356.
Package xcolor Info: Model `tHsb' substituted by `hsb' on input line 1357.
Package xcolor Info: Model `HSB' substituted by `hsb' on input line 1358.
Package xcolor Info: Model `Gray' substituted by `gray' on input line 1359.
Package xcolor Info: Model `wave' substituted by `hsb' on input line 1360.
)
(./sigproc-sp.aux)
\openout1 = `sigproc-sp.aux'.

LaTeX Font Info:    Checking defaults for OML/cmm/m/it on input line 36.
LaTeX Font Info:    ... okay on input line 36.
LaTeX Font Info:    Checking defaults for T1/cmr/m/n on input line 36.
LaTeX Font Info:    ... okay on input line 36.
LaTeX Font Info:    Checking defaults for OT1/cmr/m/n on input line 36.
LaTeX Font Info:    ... okay on input line 36.
LaTeX Font Info:    Checking defaults for OMS/cmsy/m/n on input line 36.
LaTeX Font Info:    ... okay on input line 36.
LaTeX Font Info:    Checking defaults for OMX/cmex/m/n on input line 36.
LaTeX Font Info:    ... okay on input line 36.
LaTeX Font Info:    Checking defaults for U/cmr/m/n on input line 36.
LaTeX Font Info:    ... okay on input line 36.

(/usr/local/texlive/2013/texmf-dist/tex/context/base/supp-pdf.mkii
[Loading MPS to PDF converter (version 2006.09.02).]
\scratchcounter=\count112
\scratchdimen=\dimen133
\scratchbox=\box31
\nofMPsegments=\count113
\nofMParguments=\count114
\everyMPshowfont=\toks45
\MPscratchCnt=\count115
\MPscratchDim=\dimen134
\MPnumerator=\count116
\makeMPintoPDFobject=\count117
\everyMPtoPDFconversion=\toks46
) (/usr/local/texlive/2013/texmf-dist/tex/generic/oberdiek/pdftexcmds.sty
Package: pdftexcmds 2011/11/29 v0.20 Utility functions of pdfTeX for LuaTeX (HO
)

(/usr/local/texlive/2013/texmf-dist/tex/generic/oberdiek/ifluatex.sty
Package: ifluatex 2010/03/01 v1.3 Provides the ifluatex switch (HO)
Package ifluatex Info: LuaTeX not detected.
)
(/usr/local/texlive/2013/texmf-dist/tex/generic/oberdiek/ifpdf.sty
Package: ifpdf 2011/01/30 v2.3 Provides the ifpdf switch (HO)
Package ifpdf Info: pdfTeX in PDF mode is detected.
)
Package pdftexcmds Info: LuaTeX not detected.
Package pdftexcmds Info: \pdf@primitive is available.
Package pdftexcmds Info: \pdf@ifprimitive is available.
Package pdftexcmds Info: \pdfdraftmode found.
)
(/usr/local/texlive/2013/texmf-dist/tex/latex/oberdiek/epstopdf-base.sty
Package: epstopdf-base 2010/02/09 v2.5 Base part for package epstopdf

(/usr/local/texlive/2013/texmf-dist/tex/latex/oberdiek/grfext.sty
Package: grfext 2010/08/19 v1.1 Manage graphics extensions (HO)

(/usr/local/texlive/2013/texmf-dist/tex/generic/oberdiek/kvdefinekeys.sty
Package: kvdefinekeys 2011/04/07 v1.3 Define keys (HO)
))
(/usr/local/texlive/2013/texmf-dist/tex/latex/oberdiek/kvoptions.sty
Package: kvoptions 2011/06/30 v3.11 Key value format for package options (HO)

(/usr/local/texlive/2013/texmf-dist/tex/generic/oberdiek/kvsetkeys.sty
Package: kvsetkeys 2012/04/25 v1.16 Key value parser (HO)

(/usr/local/texlive/2013/texmf-dist/tex/generic/oberdiek/etexcmds.sty
Package: etexcmds 2011/02/16 v1.5 Avoid name clashes with e-TeX commands (HO)
Package etexcmds Info: Could not find \expanded.
(etexcmds)             That can mean that you are not using pdfTeX 1.50 or
(etexcmds)             that some package has redefined \expanded.
(etexcmds)             In the latter case, load this package earlier.
)))
Package grfext Info: Graphics extension search list:
(grfext)             [.png,.pdf,.jpg,.mps,.jpeg,.jbig2,.jb2,.PNG,.PDF,.JPG,.JPE
G,.JBIG2,.JB2,.eps]
(grfext)             \AppendGraphicsExtensions on input line 452.

(/usr/local/texlive/2013/texmf-dist/tex/latex/latexconfig/epstopdf-sys.cfg
File: epstopdf-sys.cfg 2010/07/13 v1.3 Configuration of (r)epstopdf for TeX Liv
e
))
LaTeX Font Info:    Try loading font information for U+msa on input line 116.

(/usr/local/texlive/2013/texmf-dist/tex/latex/amsfonts/umsa.fd
File: umsa.fd 2013/01/14 v3.01 AMS symbols A
)
LaTeX Font Info:    Try loading font information for U+msb on input line 116.

(/usr/local/texlive/2013/texmf-dist/tex/latex/amsfonts/umsb.fd
File: umsb.fd 2013/01/14 v3.01 AMS symbols B
)
LaTeX Font Info:    Try loading font information for U+lasy on input line 116.

(/usr/local/texlive/2013/texmf-dist/tex/latex/base/ulasy.fd
File: ulasy.fd 1998/08/17 v2.2e LaTeX symbol font definitions
)
Overfull \hbox (1.16055pt too wide) in paragraph at lines 129--130
\T1/aer/m/n/9 K.3.2 [\T1/aer/bx/n/9 Computer and In-for-ma-tion Sci-ence Ed-u-c
a-tion\T1/aer/m/n/9 ]:
 []


Underfull \vbox (badness 10000) has occurred while \output is active []

 [1{/usr/local/texlive/2013/texmf-var/fonts/map/pdftex/updmap/pdftex.map}


]
Overfull \hbox (7.04106pt too wide) in paragraph at lines 202--202
[]\secfnt EDUCATIONAL AND COM-PU-TA-TIONAL
 []

[2] <boardgame.png, id=15, 481.8pt x 209.1012pt>
File: boardgame.png Graphic file (type png)
 <use boardgame.png>
Package pdftex.def Info: boardgame.png used on input line 254.
(pdftex.def)             Requested size: 241.91785pt x 104.99063pt.

Overfull \hbox (1.91785pt too wide) in paragraph at lines 254--255
[][] 
 []

[3]
Overfull \hbox (1.71745pt too wide) in paragraph at lines 303--307
[]\T1/aer/m/n/9 The com-pet-i-tive mode de-mands ef-fi-cient mod-el-ing skills 
since
 []

[4 <./boardgame.png>]
Overfull \hbox (17.64847pt too wide) in paragraph at lines 348--348
[]\secfnt INSTRUCTIONAL IN-TER-AC-TION DE-SIGN
 []


Overfull \hbox (26.51535pt too wide) in paragraph at lines 348--348
\secfnt IN SUP-PORT OF COM-PU-TA-TIONAL THINK-
 []

[5]
Overfull \hbox (14.29008pt too wide) in paragraph at lines 391--392
\T1/aer/m/n/9 sional com-mu-ni-ties and un-til a more con-crete def-i-ni-tion e
merges,
 []

[6]
Underfull \hbox (badness 10000) in paragraph at lines 408--408
[]|\T1/aer/m/n/5 Artistic Cre-
 []


Overfull \hbox (10.49165pt too wide) in paragraph at lines 408--408
[]|\T1/aer/m/n/5 Risk/Reward
 []


Underfull \hbox (badness 10000) in paragraph at lines 408--408
[]|\T1/aer/m/n/5 Situational Turn
 []


Underfull \hbox (badness 10000) in paragraph at lines 408--408
[]|\T1/aer/m/n/5 Shared
 []


Overfull \hbox (3.64671pt too wide) in paragraph at lines 408--408
[]|\T1/aer/m/n/5 Simulation| 
 []


Underfull \hbox (badness 10000) in paragraph at lines 414--414
[]|\T1/aer/m/n/5 Settlers Of
 []


Underfull \hbox (badness 3118) in paragraph at lines 416--416
[]|\T1/aer/m/n/5 Robot Tur-
 []


Underfull \hbox (badness 10000) in paragraph at lines 420--420
[]|\T1/aer/m/n/5 Ticket To
 []


Underfull \hbox (badness 10000) in paragraph at lines 426--426
[]|\T1/aer/m/n/5 YES, but even
 []


Underfull \hbox (badness 10000) in paragraph at lines 426--426
\T1/aer/m/n/5 strong com-put-ers
 []


Underfull \hbox (badness 10000) in paragraph at lines 457--457
[]|\T1/aer/m/n/5 nMotion
 []


Underfull \hbox (badness 10000) in paragraph at lines 457--457
[]|\T1/aer/m/n/5 Weapons,
 []


Underfull \hbox (badness 10000) in paragraph at lines 457--457
\T1/aer/m/n/5 tar-gets,
 []


Underfull \hbox (badness 10000) in paragraph at lines 457--457
\T1/aer/m/n/5 am-mu-
 []


Underfull \hbox (badness 10000) in paragraph at lines 457--457
\T1/aer/m/n/5 ni-tion,
 []


Underfull \hbox (badness 10000) in paragraph at lines 457--457
\T1/aer/m/n/5 (with
 []


Underfull \hbox (badness 10000) in paragraph at lines 457--457
\T1/aer/m/n/5 con-
 []


Underfull \hbox (badness 1558) in paragraph at lines 457--457
[]|\T1/aer/m/n/5 Methods vs mod-
 []


Underfull \hbox (badness 10000) in paragraph at lines 457--457

 []


Underfull \hbox (badness 10000) in paragraph at lines 457--457
\T1/aer/m/n/5 The dif-fer-
 []


Underfull \hbox (badness 10000) in paragraph at lines 457--457
\T1/aer/m/n/5 ent stages
 []


Underfull \hbox (badness 10000) in paragraph at lines 457--457
\T1/aer/m/n/5 (play|design|test)
 []


Underfull \hbox (badness 10000) in paragraph at lines 457--457
\T1/aer/m/n/5 ab-strac-tions, es-
 []


Underfull \hbox (badness 10000) in paragraph at lines 457--457
\T1/aer/m/n/5 pe-cially across
 []


Underfull \hbox (badness 10000) in paragraph at lines 457--457
[]|\T1/aer/m/n/5 EASY: Aim,
 []


Underfull \hbox (badness 6220) in paragraph at lines 457--457
\T1/aer/m/n/5 prime, fire, and
 []


Underfull \hbox (badness 10000) in paragraph at lines 457--457

 []


Underfull \hbox (badness 10000) in paragraph at lines 457--457
\T1/aer/m/n/5 DIFFICULT:
 []


Underfull \hbox (badness 10000) in paragraph at lines 457--457
\T1/aer/m/n/5 switch peo-ple,
 []


Underfull \hbox (badness 10000) in paragraph at lines 457--457
\T1/aer/m/n/5 tion(parameters)
 []


Underfull \hbox (badness 7256) in paragraph at lines 457--457
[]|\T1/aer/m/n/5 Less so, but
 []


Underfull \hbox (badness 10000) in paragraph at lines 457--457
\T1/aer/m/n/5 cre-ate their
 []


Underfull \hbox (badness 10000) in paragraph at lines 457--457
\T1/aer/m/n/5 own weapon
 []


Underfull \hbox (badness 10000) in paragraph at lines 457--457
\T1/aer/m/n/5 from meth-
 []


Underfull \hbox (badness 10000) in paragraph at lines 457--457

 []


Underfull \hbox (badness 10000) in paragraph at lines 457--457
\T1/aer/m/n/5 Or are al-
 []


Underfull \hbox (badness 10000) in paragraph at lines 457--457
[]|\T1/aer/m/n/5 Starting with a
 []


Underfull \hbox (badness 10000) in paragraph at lines 457--457
\T1/aer/m/n/5 the com-po-nents
 []


Underfull \hbox (badness 5847) in paragraph at lines 457--457
\T1/aer/m/n/5 Sev-eral lay-ers of
 []


Underfull \hbox (badness 10000) in paragraph at lines 457--457
\T1/aer/m/n/5 dis-sec-tion will
 []


Underfull \hbox (badness 1603) in paragraph at lines 457--457
\T1/aer/m/n/5 need to oc-cur to
 []


Underfull \hbox (badness 10000) in paragraph at lines 457--457
[]|\T1/aer/m/n/5 Given a
 []


Underfull \hbox (badness 10000) in paragraph at lines 457--457
\T1/aer/m/n/5 lim-ited
 []


Underfull \hbox (badness 10000) in paragraph at lines 457--457
\T1/aer/m/n/5 num-
 []


Underfull \hbox (badness 10000) in paragraph at lines 457--457
\T1/aer/m/n/5 ber of
 []


Underfull \hbox (badness 2443) in paragraph at lines 457--457
\T1/aer/m/n/5 stronger meth-ods,
 []


Underfull \hbox (badness 10000) in paragraph at lines 457--457
[]|\T1/aer/m/n/5 Team
 []


Underfull \hbox (badness 10000) in paragraph at lines 457--457
\T1/aer/m/n/5 based
 []


Underfull \hbox (badness 10000) in paragraph at lines 457--457
\T1/aer/m/n/5 com-pe-ti-
 []


Underfull \hbox (badness 10000) in paragraph at lines 457--457
[]|\T1/aer/m/n/5 There are
 []


Underfull \hbox (badness 5939) in paragraph at lines 457--457
\T1/aer/m/n/5 pat-terns in
 []


Underfull \hbox (badness 10000) in paragraph at lines 457--457
\T1/aer/m/n/5 the trial
 []


Underfull \hbox (badness 10000) in paragraph at lines 457--457
\T1/aer/m/n/5 rec-og-niz-ing
 []


Underfull \hbox (badness 10000) in paragraph at lines 457--457

 []


Underfull \hbox (badness 10000) in paragraph at lines 457--457
\T1/aer/m/n/5 The ef-fec-tive-ness of
 []


Underfull \hbox (badness 10000) in paragraph at lines 457--457
\T1/aer/m/n/5 an-other team mem-
 []


Underfull \hbox (badness 3068) in paragraph at lines 457--457
\T1/aer/m/n/5 ber ex-e-cut-ing the task
 []


Underfull \hbox (badness 4316) in paragraph at lines 457--457
\T1/aer/m/n/5 with-out any fol-low up
 []


Underfull \hbox (badness 10000) in paragraph at lines 457--457
\T1/aer/m/n/5 The team's col-lec-tive
 []


Underfull \hbox (badness 1178) in paragraph at lines 457--457
\T1/aer/m/n/5 sessed on an-other team
 []


Underfull \hbox (badness 4927) in paragraph at lines 457--457
\T1/aer/m/n/5 phase of
 []


Underfull \hbox (badness 10000) in paragraph at lines 461--461
[]|\T1/aer/m/n/5 Sorting
 []


Underfull \hbox (badness 10000) in paragraph at lines 461--461
\T1/aer/m/n/5 height of
 []


Overfull \hbox (3.22021pt too wide) in paragraph at lines 463--463
[]|\T1/aer/m/n/5 Collaborative
 []


Underfull \hbox (badness 4013) in paragraph at lines 465--465
[]|\T1/aer/m/n/5 Mixing wa-
 []


Underfull \hbox (badness 10000) in paragraph at lines 465--465
\T1/aer/m/n/5 ter Bot-tles
 []


Underfull \hbox (badness 10000) in paragraph at lines 465--465
\T1/aer/m/n/5 (from Die
 []


Underfull \hbox (badness 10000) in paragraph at lines 467--467
[]|\T1/aer/m/n/5 Bi Di-rec-
 []


Underfull \hbox (badness 6876) in paragraph at lines 467--467
\T1/aer/m/n/5 tional Mad
 []


Underfull \hbox (badness 10000) in paragraph at lines 469--469
[]|\T1/aer/m/n/5 Rab-Bit
 []


Underfull \hbox (badness 10000) in paragraph at lines 469--469
[]|\T1/aer/m/n/5 The
 []


Underfull \hbox (badness 10000) in paragraph at lines 469--469
\T1/aer/m/n/5 wooden
 []


Underfull \hbox (badness 5622) in paragraph at lines 469--469
\T1/aer/m/n/5 bits and
 []


Underfull \hbox (badness 10000) in paragraph at lines 469--469
\T1/aer/m/n/5 des-ig-
 []


Underfull \hbox (badness 10000) in paragraph at lines 469--469
\T1/aer/m/n/5 nated
 []


Underfull \hbox (badness 10000) in paragraph at lines 469--469
\T1/aer/m/n/5 path
 []


Underfull \hbox (badness 10000) in paragraph at lines 469--469
\T1/aer/m/n/5 struc-
 []


Underfull \hbox (badness 10000) in paragraph at lines 469--469
[]|\T1/aer/m/n/5 Creating new
 []


Underfull \hbox (badness 10000) in paragraph at lines 469--469
[]|\T1/aer/m/n/5 path must be
 []


Underfull \hbox (badness 10000) in paragraph at lines 469--469
\T1/aer/m/n/5 bro-ken down
 []


Underfull \hbox (badness 10000) in paragraph at lines 469--469
\T1/aer/m/n/5 into chunks and
 []


Underfull \hbox (badness 10000) in paragraph at lines 469--469
\T1/aer/m/n/5 sep-a-rate mod-els
 []


Underfull \hbox (badness 10000) in paragraph at lines 469--469
\T1/aer/m/n/5 con-structed for
 []


Underfull \hbox (badness 10000) in paragraph at lines 469--469
[]|\T1/aer/m/n/5 Given a
 []


Underfull \hbox (badness 10000) in paragraph at lines 469--469
\T1/aer/m/n/5 time re-
 []


Underfull \hbox (badness 10000) in paragraph at lines 469--469
\T1/aer/m/n/5 stric-tion,
 []


Underfull \hbox (badness 10000) in paragraph at lines 469--469
\T1/aer/m/n/5 strate-
 []


Underfull \hbox (badness 10000) in paragraph at lines 469--469
[]|\T1/aer/m/n/5 Players
 []


Underfull \hbox (badness 10000) in paragraph at lines 469--469
\T1/aer/m/n/5 can
 []


Underfull \hbox (badness 10000) in paragraph at lines 469--469
\T1/aer/m/n/5 choose
 []


Underfull \hbox (badness 10000) in paragraph at lines 469--469
\T1/aer/m/n/5 to work
 []


Underfull \hbox (badness 2529) in paragraph at lines 469--469
\T1/aer/m/n/5 ei-ther in
 []


Underfull \hbox (badness 10000) in paragraph at lines 469--469
\T1/aer/m/n/5 dif-fer-ent
 []


Underfull \hbox (badness 10000) in paragraph at lines 469--469
\T1/aer/m/n/5 parts
 []


Underfull \hbox (badness 10000) in paragraph at lines 469--469
\T1/aer/m/n/5 of the
 []


Underfull \hbox (badness 1975) in paragraph at lines 469--469
\T1/aer/m/n/5 board or
 []


Underfull \hbox (badness 10000) in paragraph at lines 469--469
[]|\T1/aer/m/n/5 Bit com-bi-
 []


Underfull \hbox (badness 2318) in paragraph at lines 469--469
\T1/aer/m/n/5 na-tions, by
 []


Underfull \hbox (badness 10000) in paragraph at lines 469--469
\T1/aer/m/n/5 an-a-lyz-ing
 []


Underfull \hbox (badness 10000) in paragraph at lines 469--469
\T1/aer/m/n/5 the path,
 []


Underfull \hbox (badness 3460) in paragraph at lines 469--469
[]|\T1/aer/m/n/5 reusability of paths or
 []


Underfull \hbox (badness 1789) in paragraph at lines 469--469
\T1/aer/m/n/5 awarded for us-ing such
 []


Underfull \hbox (badness 3039) in paragraph at lines 469--469
\T1/aer/m/n/5 get bet-ter at this 'al-
 []


Underfull \hbox (badness 7944) in paragraph at lines 469--469
\T1/aer/m/n/5 go-rith-mic' ap-proach of
 []


Overfull \hbox (4.63951pt too wide) in paragraph at lines 469--470
[]|\T1/aer/m/n/5 Representational
 []


Underfull \hbox (badness 10000) in paragraph at lines 469--470
\T1/aer/m/n/5 de-mands
 []


Underfull \hbox (badness 10000) in paragraph at lines 469--470
\T1/aer/m/n/5 men-tal Our
 []


Underfull \hbox (badness 10000) in paragraph at lines 469--470
\T1/aer/m/n/5 re-searched
 []


Underfull \hbox (badness 2213) in paragraph at lines 469--470
\T1/aer/m/n/5 view ro-ta-tions
 []


Underfull \hbox (badness 6284) in paragraph at lines 469--470
\T1/aer/m/n/5 of 3D blocks
 []


Underfull \hbox (badness 10000) in paragraph at lines 469--470
\T1/aer/m/n/5 to match a
 []


Underfull \hbox (badness 1009) in paragraph at lines 469--470
\T1/aer/m/n/5 cor-rect men-tal
 []


Underfull \hbox (badness 10000) in paragraph at lines 469--470
\T1/aer/m/n/5 rep-re-sen-ta-
 []


Underfull \hbox (badness 10000) in paragraph at lines 469--470
\T1/aer/m/n/5 tion (shape
 []


Underfull \hbox (badness 10000) in paragraph at lines 469--470
\T1/aer/m/n/5 & po-lar-ity
 []


Overfull \hbox (10.07617pt too wide) in paragraph at lines 404--472
[]| []|  
 []

[7


] (./sigproc-sp.bbl) [8

] (./sigproc-sp.aux) ) 
Here is how much of TeX's memory you used:
 3708 strings out of 493315
 46750 string characters out of 6137904
 158648 words of memory out of 5000000
 7060 multiletter control sequences out of 15000+600000
 50904 words of font info for 69 fonts, out of 8000000 for 9000
 957 hyphenation exceptions out of 8191
 41i,13n,35p,1475b,320s stack positions out of 5000i,500n,10000p,200000b,80000s
{/usr/local/texlive/2013/texmf-dist/fonts/enc/dvips/base/
8r.enc}</usr/local/texlive/2013/texmf-dist/fonts/type1/public/amsfonts/cm/cmbx9
.pfb></usr/local/texlive/2013/texmf-dist/fonts/type1/public/amsfonts/cm/cmmi9.p
fb></usr/local/texlive/2013/texmf-dist/fonts/type1/public/amsfonts/cm/cmr5.pfb>
</usr/local/texlive/2013/texmf-dist/fonts/type1/public/amsfonts/cm/cmr9.pfb></u
sr/local/texlive/2013/texmf-dist/fonts/type1/public/amsfonts/cm/cmsy5.pfb></usr
/local/texlive/2013/texmf-dist/fonts/type1/public/amsfonts/cm/cmsy9.pfb></usr/l
ocal/texlive/2013/texmf-dist/fonts/type1/public/amsfonts/cm/cmti9.pfb></usr/loc
al/texlive/2013/texmf-dist/fonts/type1/urw/helvetic/uhvb8a.pfb></usr/local/texl
ive/2013/texmf-dist/fonts/type1/urw/helvetic/uhvr8a.pfb></usr/local/texlive/201
3/texmf-dist/fonts/type1/urw/times/utmb8a.pfb></usr/local/texlive/2013/texmf-di
st/fonts/type1/urw/times/utmri8a.pfb>
Output written on sigproc-sp.pdf (8 pages, 1008008 bytes).
PDF statistics:
 79 PDF objects out of 1000 (max. 8388607)
 55 compressed objects within 1 object stream
 0 named destinations out of 1000 (max. 500000)
 6 words of extra memory for PDF output out of 10000 (max. 10000000)

