\BOOKMARK [1][-]{section.1}{Introduction}{}% 1
\BOOKMARK [1][-]{section.2}{Computational Thinking}{}% 2
\BOOKMARK [2][-]{subsection.2.1}{Recruitment of Computer Scientists}{section.2}% 3
\BOOKMARK [3][-]{subsubsection.2.1.1}{Broadening Participation}{subsection.2.1}% 4
\BOOKMARK [3][-]{subsubsection.2.1.2}{Increasing Participation}{subsection.2.1}% 5
\BOOKMARK [2][-]{subsection.2.2}{Preparing the 21st Century Citizen}{section.2}% 6
\BOOKMARK [3][-]{subsubsection.2.2.1}{Caveats}{subsection.2.2}% 7
\BOOKMARK [1][-]{section.3}{99993em.5Educational and Computational Thinking Games}{}% 8
\BOOKMARK [2][-]{subsubsection.3.0.2}{RabBit EscApe}{section.3}% 9
\BOOKMARK [3][-]{subsubsection.3.0.3}{Design}{subsubsection.3.0.2}% 10
\BOOKMARK [3][-]{subsubsection.3.0.4}{Play Strategies}{subsubsection.3.0.2}% 11
\BOOKMARK [3][-]{subsubsection.3.0.5}{Individual or Collaborative}{subsubsection.3.0.2}% 12
\BOOKMARK [3][-]{subsubsection.3.0.6}{Competitive}{subsubsection.3.0.2}% 13
\BOOKMARK [3][-]{subsubsection.3.0.7}{Board Construction}{subsubsection.3.0.2}% 14
\BOOKMARK [3][-]{subsubsection.3.0.8}{Development of CT}{subsubsection.3.0.2}% 15
\BOOKMARK [1][-]{section.4}{Evaluation and Observations}{}% 16
\BOOKMARK [1][-]{section.5}{99993em.5Instructional Interaction Design in support of Computational Thinking}{}% 17
\BOOKMARK [2][-]{subsection.5.1}{Alternative Games Not Pursued}{section.5}% 18
\BOOKMARK [2][-]{subsection.5.2}{Discussion}{section.5}% 19
\BOOKMARK [1][-]{section.6}{Conclusion}{}% 20
\BOOKMARK [1][-]{section.7}{Acknowledgments}{}% 21
\BOOKMARK [1][-]{section.8}{References}{}% 22
